<?xml version="1.0" encoding="UTF-8"?>
<!-- Generated by org.testng.reporters.JUnitReportReporter -->
<testsuite hostname="DESKTOP-KRN5IFD" failures="0" tests="1" name="com.ws.testcase.TestLoginPage" time="10.330" errors="0" timestamp="2024-04-01T15:13:14 EDT" skipped="0">
  <testcase classname="com.ws.testcase.TestLoginPage" name="testGetLoginPageTitle" time="10.330"/>
</testsuite> <!-- com.ws.testcase.TestLoginPage -->
