<?xml version="1.0" encoding="UTF-8"?>
<!-- Generated by org.testng.reporters.JUnitReportReporter -->
<testsuite hostname="DESKTOP-KRN5IFD" failures="0" tests="4" name="com.ws.testcase.TestPasswordRecoveryPage" time="10.142" errors="0" timestamp="2024-04-01T18:03:26 EDT" skipped="3">
  <testcase classname="com.ws.testcase.TestPasswordRecoveryPage" name="testValidEmailAddress" time="10.142"/>
  <testcase classname="com.ws.testcase.TestPasswordRecoveryPage" name="testPasswordRecoveryPage">
    <skipped/>
  </testcase> <!-- testPasswordRecoveryPage -->
  <testcase classname="com.ws.testcase.TestPasswordRecoveryPage" name="testInvalidEmailAddress">
    <skipped/>
  </testcase> <!-- testInvalidEmailAddress -->
  <testcase classname="com.ws.testcase.TestPasswordRecoveryPage" name="testEmptyEmailAddress">
    <skipped/>
  </testcase> <!-- testEmptyEmailAddress -->
</testsuite> <!-- com.ws.testcase.TestPasswordRecoveryPage -->
