<?xml version="1.0" encoding="UTF-8"?>
<!-- Generated by org.testng.reporters.JUnitReportReporter -->
<testsuite hostname="DESKTOP-KRN5IFD" failures="0" tests="1" name="com.ws.testcase.TestBooksPage" time="11.732" errors="0" timestamp="2024-04-01T19:27:18 EDT" skipped="0">
  <testcase classname="com.ws.testcase.TestBooksPage" name="testBooksPage" time="11.732"/>
</testsuite> <!-- com.ws.testcase.TestBooksPage -->
