<?xml version="1.0" encoding="UTF-8"?>
<!-- Generated by org.testng.reporters.JUnitReportReporter -->
<testsuite hostname="DESKTOP-KRN5IFD" failures="0" tests="2" name="com.ws.testcase.TestLoginPage" time="19.017" errors="0" timestamp="2024-04-01T19:15:36 EDT" skipped="0">
  <testcase classname="com.ws.testcase.TestLoginPage" name="testGetLoginPageTitle" time="7.964"/>
  <testcase classname="com.ws.testcase.TestLoginPage" name="testLoginFunctionality" time="11.053"/>
</testsuite> <!-- com.ws.testcase.TestLoginPage -->
