<?xml version="1.0" encoding="UTF-8"?>
<!-- Generated by org.testng.reporters.JUnitReportReporter -->
<testsuite hostname="DESKTOP-KRN5IFD" failures="0" tests="4" name="com.ws.testcase.TestBooksPage" time="42.152" errors="0" timestamp="2024-04-01T20:34:34 EDT" skipped="0">
  <testcase classname="com.ws.testcase.TestBooksPage" name="testBooksPage" time="9.763"/>
  <testcase classname="com.ws.testcase.TestBooksPage" name="SortBooksByVisibleText" time="10.087"/>
  <testcase classname="com.ws.testcase.TestBooksPage" name="testDisplayBooksQuantityByVisibleText" time="10.401"/>
  <testcase classname="com.ws.testcase.TestBooksPage" name="testViewBooksDisplayOrientationByVisibleText" time="11.901"/>
</testsuite> <!-- com.ws.testcase.TestBooksPage -->
