<?xml version="1.0" encoding="UTF-8"?>
<!-- Generated by org.testng.reporters.JUnitReportReporter -->
<testsuite hostname="DESKTOP-KRN5IFD" failures="0" tests="2" name="com.ws.testcase.TestHomePage" time="14.049" errors="0" timestamp="2024-03-31T12:42:27 EDT" skipped="0">
  <testcase classname="com.ws.testcase.TestHomePage" name="testGetHomePageTitle" time="7.458"/>
  <testcase classname="com.ws.testcase.TestHomePage" name="testClickLoginLink" time="6.591"/>
</testsuite> <!-- com.ws.testcase.TestHomePage -->
