<?xml version="1.0" encoding="UTF-8"?>
<!-- Generated by org.testng.reporters.JUnitReportReporter -->
<testsuite hostname="DESKTOP-KRN5IFD" failures="0" tests="2" name="com.ws.testcase.TestHomePage" time="13.722" errors="0" timestamp="2024-03-30T21:02:40 EDT" skipped="0">
  <testcase classname="com.ws.testcase.TestHomePage" name="testGetHomePageTitle" time="7.051"/>
  <testcase classname="com.ws.testcase.TestHomePage" name="testClickLoginLing" time="6.671"/>
</testsuite> <!-- com.ws.testcase.TestHomePage -->
